% time     seconds  usecs/call     calls    errors syscall
------ ----------- ----------- --------- --------- ----------------
 32.88    0.000852           8        98        96 openat
 27.06    0.000701           6       113           write
 23.85    0.000618           7        80        75 stat
  5.60    0.000145         145         1           clone
  3.63    0.000094          11         8           mmap
  1.43    0.000037          12         3           mprotect
  1.43    0.000037           6         6           pread64
  1.04    0.000027          27         1           munmap
  0.89    0.000023           5         4           rt_sigaction
  0.77    0.000020          20         1           wait4
  0.46    0.000012           6         2           fstat
  0.39    0.000010           5         2           close
  0.35    0.000009           9         1           read
  0.23    0.000006           3         2         1 arch_prctl
  0.00    0.000000           0         1           brk
  0.00    0.000000           0         1         1 access
  0.00    0.000000           0         1           execve
------ ----------- ----------- --------- --------- ----------------
100.00    0.002591                   325       173 total
